<?xml version="1.0" encoding="UTF-8"?>
<testng-results skipped="0" failed="0" ignored="0" total="4" passed="4">
  <reporter-output>
  </reporter-output>
  <suite name="Suite" duration-ms="52687" started-at="2021-08-19T14:01:38Z" finished-at="2021-08-19T14:02:31Z">
    <groups>
    </groups>
    <test name="TestGC" duration-ms="23265" started-at="2021-08-19T14:01:38Z" finished-at="2021-08-19T14:02:02Z">
      <class name="script.InvalidLogin">
        <test-method status="PASS" signature="openApp(java.lang.String, java.lang.String)[pri:0, instance:script.InvalidLogin@67784306]" name="openApp" is-config="true" duration-ms="8339" started-at="2021-08-19T14:01:52Z" finished-at="2021-08-19T14:02:00Z">
          <params>
            <param index="0">
              <value>
                <![CDATA[http://localhost:4444/wd/hub]]>
              </value>
            </param>
            <param index="1">
              <value>
                <![CDATA[chrome]]>
              </value>
            </param>
          </params>
          <reporter-output>
          </reporter-output>
        </test-method> <!-- openApp -->
        <test-method status="PASS" signature="testInvalidLogin()[pri:2, instance:script.InvalidLogin@67784306]" name="testInvalidLogin" duration-ms="1700" started-at="2021-08-19T14:02:00Z" finished-at="2021-08-19T14:02:02Z">
          <reporter-output>
          </reporter-output>
        </test-method> <!-- testInvalidLogin -->
        <test-method status="PASS" signature="closeApp()[pri:0, instance:script.InvalidLogin@67784306]" name="closeApp" is-config="true" duration-ms="80" started-at="2021-08-19T14:02:02Z" finished-at="2021-08-19T14:02:02Z">
          <reporter-output>
          </reporter-output>
        </test-method> <!-- closeApp -->
      </class> <!-- script.InvalidLogin -->
      <class name="script.ValidLogin">
        <test-method status="PASS" signature="openApp(java.lang.String, java.lang.String)[pri:0, instance:script.ValidLogin@335eadca]" name="openApp" is-config="true" duration-ms="8722" started-at="2021-08-19T14:01:38Z" finished-at="2021-08-19T14:01:47Z">
          <params>
            <param index="0">
              <value>
                <![CDATA[http://localhost:4444/wd/hub]]>
              </value>
            </param>
            <param index="1">
              <value>
                <![CDATA[chrome]]>
              </value>
            </param>
          </params>
          <reporter-output>
          </reporter-output>
        </test-method> <!-- openApp -->
        <test-method status="PASS" signature="testValidLogin()[pri:1, instance:script.ValidLogin@335eadca]" name="testValidLogin" duration-ms="4344" started-at="2021-08-19T14:01:47Z" finished-at="2021-08-19T14:01:51Z">
          <reporter-output>
          </reporter-output>
        </test-method> <!-- testValidLogin -->
        <test-method status="PASS" signature="closeApp()[pri:0, instance:script.ValidLogin@335eadca]" name="closeApp" is-config="true" duration-ms="48" started-at="2021-08-19T14:01:51Z" finished-at="2021-08-19T14:01:52Z">
          <reporter-output>
          </reporter-output>
        </test-method> <!-- closeApp -->
      </class> <!-- script.ValidLogin -->
    </test> <!-- TestGC -->
    <test name="TestFF" duration-ms="29379" started-at="2021-08-19T14:02:02Z" finished-at="2021-08-19T14:02:31Z">
      <class name="script.InvalidLogin">
        <test-method status="PASS" signature="openApp(java.lang.String, java.lang.String)[pri:0, instance:script.InvalidLogin@578486a3]" name="openApp" is-config="true" duration-ms="11159" started-at="2021-08-19T14:02:17Z" finished-at="2021-08-19T14:02:29Z">
          <params>
            <param index="0">
              <value>
                <![CDATA[http://localhost:4444/wd/hub]]>
              </value>
            </param>
            <param index="1">
              <value>
                <![CDATA[firefox]]>
              </value>
            </param>
          </params>
          <reporter-output>
          </reporter-output>
        </test-method> <!-- openApp -->
        <test-method status="PASS" signature="testInvalidLogin()[pri:2, instance:script.InvalidLogin@578486a3]" name="testInvalidLogin" duration-ms="1607" started-at="2021-08-19T14:02:29Z" finished-at="2021-08-19T14:02:30Z">
          <reporter-output>
          </reporter-output>
        </test-method> <!-- testInvalidLogin -->
        <test-method status="PASS" signature="closeApp()[pri:0, instance:script.InvalidLogin@578486a3]" name="closeApp" is-config="true" duration-ms="795" started-at="2021-08-19T14:02:30Z" finished-at="2021-08-19T14:02:31Z">
          <reporter-output>
          </reporter-output>
        </test-method> <!-- closeApp -->
      </class> <!-- script.InvalidLogin -->
      <class name="script.ValidLogin">
        <test-method status="PASS" signature="openApp(java.lang.String, java.lang.String)[pri:0, instance:script.ValidLogin@551aa95a]" name="openApp" is-config="true" duration-ms="12557" started-at="2021-08-19T14:02:02Z" finished-at="2021-08-19T14:02:14Z">
          <params>
            <param index="0">
              <value>
                <![CDATA[http://localhost:4444/wd/hub]]>
              </value>
            </param>
            <param index="1">
              <value>
                <![CDATA[firefox]]>
              </value>
            </param>
          </params>
          <reporter-output>
          </reporter-output>
        </test-method> <!-- openApp -->
        <test-method status="PASS" signature="testValidLogin()[pri:1, instance:script.ValidLogin@551aa95a]" name="testValidLogin" duration-ms="2488" started-at="2021-08-19T14:02:14Z" finished-at="2021-08-19T14:02:17Z">
          <reporter-output>
          </reporter-output>
        </test-method> <!-- testValidLogin -->
        <test-method status="PASS" signature="closeApp()[pri:0, instance:script.ValidLogin@551aa95a]" name="closeApp" is-config="true" duration-ms="765" started-at="2021-08-19T14:02:17Z" finished-at="2021-08-19T14:02:17Z">
          <reporter-output>
          </reporter-output>
        </test-method> <!-- closeApp -->
      </class> <!-- script.ValidLogin -->
    </test> <!-- TestFF -->
  </suite> <!-- Suite -->
</testng-results>
